[INFO] Scanning for projects...
[INFO] 
[INFO] ----------------------< com.example:trading-app >-----------------------
[INFO] Building demo 0.0.1-SNAPSHOT
[INFO]   from pom.xml
[INFO] --------------------------------[ jar ]---------------------------------
[INFO] 
[INFO] >>> spring-boot:3.4.2:run (default-cli) > test-compile @ trading-app >>>
[INFO] 
[INFO] --- resources:3.3.1:resources (default-resources) @ trading-app ---
[INFO] Copying 1 resource from src/main/resources to target/classes
[INFO] Copying 0 resource from src/main/resources to target/classes
[INFO] 
[INFO] --- compiler:3.13.0:compile (default-compile) @ trading-app ---
[INFO] Recompiling the module because of changed source code.
[INFO] Compiling 2 source files with javac [debug parameters release 21] to target/classes
[INFO] 
[INFO] --- resources:3.3.1:testResources (default-testResources) @ trading-app ---
[INFO] skip non existing resourceDirectory /home/azureuser/trading-app/src/test/resources
[INFO] 
[INFO] --- compiler:3.13.0:testCompile (default-testCompile) @ trading-app ---
[INFO] Recompiling the module because of changed dependency.
[INFO] Compiling 1 source file with javac [debug parameters release 21] to target/test-classes
[INFO] 
[INFO] <<< spring-boot:3.4.2:run (default-cli) < test-compile @ trading-app <<<
[INFO] 
[INFO] 
[INFO] --- spring-boot:3.4.2:run (default-cli) @ trading-app ---
[INFO] Attaching agents: []

  .   ____          _            __ _ _
 /\\ / ___'_ __ _ _(_)_ __  __ _ \ \ \ \
( ( )\___ | '_ | '_| | '_ \/ _` | \ \ \ \
 \\/  ___)| |_)| | | | | || (_| |  ) ) ) )
  '  |____| .__|_| |_|_| |_\__, | / / / /
 =========|_|==============|___/=/_/_/_/

 :: Spring Boot ::                (v3.4.2)

2025-01-30T06:45:33.479Z  INFO 5086 --- [demo] [           main] c.example.trading_app.DemoApplication    : Starting DemoApplication using Java 21.0.4 with PID 5086 (/home/azureuser/trading-app/target/classes started by root in /home/azureuser/trading-app)
2025-01-30T06:45:33.484Z  INFO 5086 --- [demo] [           main] c.example.trading_app.DemoApplication    : No active profile set, falling back to 1 default profile: "default"
2025-01-30T06:45:34.863Z  INFO 5086 --- [demo] [           main] o.s.b.w.embedded.tomcat.TomcatWebServer  : Tomcat initialized with port 8080 (http)
2025-01-30T06:45:34.884Z  INFO 5086 --- [demo] [           main] o.apache.catalina.core.StandardService   : Starting service [Tomcat]
2025-01-30T06:45:34.884Z  INFO 5086 --- [demo] [           main] o.apache.catalina.core.StandardEngine    : Starting Servlet engine: [Apache Tomcat/10.1.34]
2025-01-30T06:45:34.951Z  INFO 5086 --- [demo] [           main] o.a.c.c.C.[Tomcat].[localhost].[/]       : Initializing Spring embedded WebApplicationContext
2025-01-30T06:45:34.953Z  INFO 5086 --- [demo] [           main] w.s.c.ServletWebServerApplicationContext : Root WebApplicationContext: initialization completed in 1361 ms
2025-01-30T06:45:35.441Z  INFO 5086 --- [demo] [           main] o.s.b.w.embedded.tomcat.TomcatWebServer  : Tomcat started on port 8080 (http) with context path '/'
2025-01-30T06:45:35.452Z  INFO 5086 --- [demo] [           main] c.example.trading_app.DemoApplication    : Started DemoApplication in 2.717 seconds (process running for 3.489)
2025-01-30T06:45:38.828Z  INFO 5086 --- [demo] [nio-8080-exec-1] o.a.c.c.C.[Tomcat].[localhost].[/]       : Initializing Spring DispatcherServlet 'dispatcherServlet'
2025-01-30T06:45:38.828Z  INFO 5086 --- [demo] [nio-8080-exec-1] o.s.web.servlet.DispatcherServlet        : Initializing Servlet 'dispatcherServlet'
2025-01-30T06:45:38.829Z  INFO 5086 --- [demo] [nio-8080-exec-1] o.s.web.servlet.DispatcherServlet        : Completed initialization in 1 ms
[INFO] ------------------------------------------------------------------------
[INFO] BUILD FAILURE
[INFO] ------------------------------------------------------------------------
[INFO] Total time:  41:38 min
[INFO] Finished at: 2025-01-30T07:27:04Z
[INFO] ------------------------------------------------------------------------
[ERROR] Failed to execute goal org.springframework.boot:spring-boot-maven-plugin:3.4.2:run (default-cli) on project trading-app: Process terminated with exit code: 137 -> [Help 1]
[ERROR] 
[ERROR] To see the full stack trace of the errors, re-run Maven with the -e switch.
[ERROR] Re-run Maven using the -X switch to enable full debug logging.
[ERROR] 
[ERROR] For more information about the errors and possible solutions, please read the following articles:
[ERROR] [Help 1] http://cwiki.apache.org/confluence/display/MAVEN/MojoExecutionException
[INFO] Scanning for projects...
[INFO] 
[INFO] ----------------------< com.example:trading-app >-----------------------
[INFO] Building demo 0.0.1-SNAPSHOT
[INFO]   from pom.xml
[INFO] --------------------------------[ jar ]---------------------------------
[INFO] 
[INFO] >>> spring-boot:3.4.2:run (default-cli) > test-compile @ trading-app >>>
[INFO] 
[INFO] --- resources:3.3.1:resources (default-resources) @ trading-app ---
[INFO] Copying 1 resource from src/main/resources to target/classes
[INFO] Copying 0 resource from src/main/resources to target/classes
[INFO] 
[INFO] --- compiler:3.13.0:compile (default-compile) @ trading-app ---
[INFO] Nothing to compile - all classes are up to date.
[INFO] 
[INFO] --- resources:3.3.1:testResources (default-testResources) @ trading-app ---
[INFO] skip non existing resourceDirectory /home/azureuser/trading-app/src/test/resources
[INFO] 
[INFO] --- compiler:3.13.0:testCompile (default-testCompile) @ trading-app ---
[INFO] Nothing to compile - all classes are up to date.
[INFO] 
[INFO] <<< spring-boot:3.4.2:run (default-cli) < test-compile @ trading-app <<<
[INFO] 
[INFO] 
[INFO] --- spring-boot:3.4.2:run (default-cli) @ trading-app ---
[INFO] Attaching agents: []

  .   ____          _            __ _ _
 /\\ / ___'_ __ _ _(_)_ __  __ _ \ \ \ \
( ( )\___ | '_ | '_| | '_ \/ _` | \ \ \ \
 \\/  ___)| |_)| | | | | || (_| |  ) ) ) )
  '  |____| .__|_| |_|_| |_\__, | / / / /
 =========|_|==============|___/=/_/_/_/

 :: Spring Boot ::                (v3.4.2)

2025-01-30T07:27:43.652Z  INFO 5584 --- [demo] [           main] c.example.trading_app.DemoApplication    : Starting DemoApplication using Java 21.0.4 with PID 5584 (/home/azureuser/trading-app/target/classes started by root in /home/azureuser/trading-app)
2025-01-30T07:27:43.658Z  INFO 5584 --- [demo] [           main] c.example.trading_app.DemoApplication    : No active profile set, falling back to 1 default profile: "default"
2025-01-30T07:27:45.061Z  INFO 5584 --- [demo] [           main] o.s.b.w.embedded.tomcat.TomcatWebServer  : Tomcat initialized with port 8080 (http)
2025-01-30T07:27:45.083Z  INFO 5584 --- [demo] [           main] o.apache.catalina.core.StandardService   : Starting service [Tomcat]
2025-01-30T07:27:45.084Z  INFO 5584 --- [demo] [           main] o.apache.catalina.core.StandardEngine    : Starting Servlet engine: [Apache Tomcat/10.1.34]
2025-01-30T07:27:45.145Z  INFO 5584 --- [demo] [           main] o.a.c.c.C.[Tomcat].[localhost].[/]       : Initializing Spring embedded WebApplicationContext
2025-01-30T07:27:45.147Z  INFO 5584 --- [demo] [           main] w.s.c.ServletWebServerApplicationContext : Root WebApplicationContext: initialization completed in 1403 ms
2025-01-30T07:27:45.637Z  INFO 5584 --- [demo] [           main] o.s.b.w.embedded.tomcat.TomcatWebServer  : Tomcat started on port 8080 (http) with context path '/'
2025-01-30T07:27:45.650Z  INFO 5584 --- [demo] [           main] c.example.trading_app.DemoApplication    : Started DemoApplication in 2.703 seconds (process running for 3.246)
2025-01-30T07:28:08.113Z  INFO 5584 --- [demo] [nio-8080-exec-1] o.a.c.c.C.[Tomcat].[localhost].[/]       : Initializing Spring DispatcherServlet 'dispatcherServlet'
2025-01-30T07:28:08.113Z  INFO 5584 --- [demo] [nio-8080-exec-1] o.s.web.servlet.DispatcherServlet        : Initializing Servlet 'dispatcherServlet'
2025-01-30T07:28:08.114Z  INFO 5584 --- [demo] [nio-8080-exec-1] o.s.web.servlet.DispatcherServlet        : Completed initialization in 1 ms
[INFO] Scanning for projects...
[INFO] 
[INFO] ----------------------< com.example:trading-app >-----------------------
[INFO] Building demo 0.0.1-SNAPSHOT
[INFO]   from pom.xml
[INFO] --------------------------------[ jar ]---------------------------------
[INFO] 
[INFO] --- spring-boot:3.4.2:stop (default-cli) @ trading-app ---
[INFO] Stopping application...
[INFO] ------------------------------------------------------------------------
[INFO] BUILD SUCCESS
[INFO] ------------------------------------------------------------------------
[INFO] Total time:  1.848 s
[INFO] Finished at: 2025-01-30T07:28:27Z
[INFO] ------------------------------------------------------------------------
